<?xml version="1.0" encoding="UTF-8"?>
<testng-results ignored="10" total="26" passed="15" failed="1" skipped="0">
  <reporter-output>
  </reporter-output>
  <suite started-at="2023-01-31T11:33:40 CST" name="Default suite" finished-at="2023-01-31T11:34:05 CST" duration-ms="25078">
    <groups>
    </groups>
    <test started-at="2023-01-31T11:33:40 CST" name="Default test" finished-at="2023-01-31T11:34:05 CST" duration-ms="25078">
      <class name="com.developerscorner.client.uiTests.HomePageTest">
        <test-method is-config="true" signature="beforeSuite()[pri:0, instance:com.developerscorner.client.uiTests.HomePageTest@793f29ff]" started-at="2023-01-31T11:33:40 CST" name="beforeSuite" finished-at="2023-01-31T11:33:40 CST" duration-ms="16" status="PASS">
          <reporter-output>
          </reporter-output>
        </test-method> <!-- beforeSuite -->
        <test-method is-config="true" signature="beforeMethodClass()[pri:0, instance:com.developerscorner.client.uiTests.HomePageTest@793f29ff]" started-at="2023-01-31T11:33:40 CST" name="beforeMethodClass" finished-at="2023-01-31T11:33:45 CST" duration-ms="5148" status="PASS">
          <reporter-output>
          </reporter-output>
        </test-method> <!-- beforeMethodClass -->
        <test-method signature="shoulGetHomePage()[pri:0, instance:com.developerscorner.client.uiTests.HomePageTest@793f29ff]" started-at="2023-01-31T11:33:45 CST" name="shoulGetHomePage" finished-at="2023-01-31T11:33:45 CST" duration-ms="118" status="PASS">
          <reporter-output>
          </reporter-output>
        </test-method> <!-- shoulGetHomePage -->
        <test-method is-config="true" signature="close()[pri:0, instance:com.developerscorner.client.uiTests.HomePageTest@793f29ff]" started-at="2023-01-31T11:33:45 CST" name="close" finished-at="2023-01-31T11:33:45 CST" duration-ms="1" status="PASS">
          <reporter-output>
          </reporter-output>
        </test-method> <!-- close -->
        <test-method signature="shouldCreateQuestion()[pri:0, instance:com.developerscorner.client.uiTests.HomePageTest@793f29ff]" started-at="2023-01-31T11:33:45 CST" name="shouldCreateQuestion" finished-at="2023-01-31T11:33:48 CST" duration-ms="2737" status="PASS">
          <reporter-output>
          </reporter-output>
        </test-method> <!-- shouldCreateQuestion -->
        <test-method is-config="true" signature="close()[pri:0, instance:com.developerscorner.client.uiTests.HomePageTest@793f29ff]" started-at="2023-01-31T11:33:48 CST" name="close" finished-at="2023-01-31T11:33:48 CST" duration-ms="1" status="PASS">
          <reporter-output>
          </reporter-output>
        </test-method> <!-- close -->
        <test-method signature="shouldDisplayFieldIsRequiredIfUsernameNotFilled()[pri:0, instance:com.developerscorner.client.uiTests.HomePageTest@793f29ff]" started-at="2023-01-31T11:33:48 CST" name="shouldDisplayFieldIsRequiredIfUsernameNotFilled" finished-at="2023-01-31T11:33:48 CST" duration-ms="514" status="PASS">
          <reporter-output>
          </reporter-output>
        </test-method> <!-- shouldDisplayFieldIsRequiredIfUsernameNotFilled -->
        <test-method is-config="true" signature="close()[pri:0, instance:com.developerscorner.client.uiTests.HomePageTest@793f29ff]" started-at="2023-01-31T11:33:48 CST" name="close" finished-at="2023-01-31T11:33:48 CST" duration-ms="0" status="PASS">
          <reporter-output>
          </reporter-output>
        </test-method> <!-- close -->
        <test-method is-config="true" signature="afterSuite()[pri:0, instance:com.developerscorner.client.uiTests.HomePageTest@793f29ff]" started-at="2023-01-31T11:34:05 CST" name="afterSuite" finished-at="2023-01-31T11:34:05 CST" duration-ms="366" status="PASS">
          <reporter-output>
          </reporter-output>
        </test-method> <!-- afterSuite -->
      </class> <!-- com.developerscorner.client.uiTests.HomePageTest -->
      <class name="com.developerscorner.client.uiTests.LoginPageTest">
        <test-method is-config="true" signature="beforeMethodClass()[pri:0, instance:com.developerscorner.client.uiTests.LoginPageTest@712625fd]" started-at="2023-01-31T11:33:53 CST" name="beforeMethodClass" finished-at="2023-01-31T11:33:53 CST" duration-ms="306" status="PASS">
          <reporter-output>
          </reporter-output>
        </test-method> <!-- beforeMethodClass -->
        <test-method signature="shouldDisplayFieldRequiredIfEmailNotFilled()[pri:0, instance:com.developerscorner.client.uiTests.LoginPageTest@712625fd]" started-at="2023-01-31T11:33:53 CST" name="shouldDisplayFieldRequiredIfEmailNotFilled" finished-at="2023-01-31T11:33:54 CST" duration-ms="258" status="PASS">
          <reporter-output>
          </reporter-output>
        </test-method> <!-- shouldDisplayFieldRequiredIfEmailNotFilled -->
        <test-method is-config="true" signature="close()[pri:0, instance:com.developerscorner.client.uiTests.LoginPageTest@712625fd]" started-at="2023-01-31T11:33:54 CST" name="close" finished-at="2023-01-31T11:33:54 CST" duration-ms="2" status="PASS">
          <reporter-output>
          </reporter-output>
        </test-method> <!-- close -->
        <test-method signature="shouldGetLoginPage()[pri:0, instance:com.developerscorner.client.uiTests.LoginPageTest@712625fd]" started-at="2023-01-31T11:33:54 CST" name="shouldGetLoginPage" finished-at="2023-01-31T11:33:54 CST" duration-ms="82" status="PASS">
          <reporter-output>
          </reporter-output>
        </test-method> <!-- shouldGetLoginPage -->
        <test-method is-config="true" signature="close()[pri:0, instance:com.developerscorner.client.uiTests.LoginPageTest@712625fd]" started-at="2023-01-31T11:33:54 CST" name="close" finished-at="2023-01-31T11:33:54 CST" duration-ms="1" status="PASS">
          <reporter-output>
          </reporter-output>
        </test-method> <!-- close -->
        <test-method signature="shouldLogInAUser()[pri:0, instance:com.developerscorner.client.uiTests.LoginPageTest@712625fd]" started-at="2023-01-31T11:33:54 CST" name="shouldLogInAUser" finished-at="2023-01-31T11:33:55 CST" duration-ms="829" status="PASS">
          <reporter-output>
          </reporter-output>
        </test-method> <!-- shouldLogInAUser -->
        <test-method is-config="true" signature="close()[pri:0, instance:com.developerscorner.client.uiTests.LoginPageTest@712625fd]" started-at="2023-01-31T11:33:55 CST" name="close" finished-at="2023-01-31T11:33:55 CST" duration-ms="0" status="PASS">
          <reporter-output>
          </reporter-output>
        </test-method> <!-- close -->
      </class> <!-- com.developerscorner.client.uiTests.LoginPageTest -->
      <class name="com.developerscorner.client.uiTests.QuestionsPageTest">
        <test-method is-config="true" signature="beforeMethodClass()[pri:0, instance:com.developerscorner.client.uiTests.QuestionsPageTest@33065d67]" started-at="2023-01-31T11:33:48 CST" name="beforeMethodClass" finished-at="2023-01-31T11:33:48 CST" duration-ms="323" status="PASS">
          <reporter-output>
          </reporter-output>
        </test-method> <!-- beforeMethodClass -->
        <test-method is-config="true" signature="setup()[pri:0, instance:com.developerscorner.client.uiTests.QuestionsPageTest@33065d67]" started-at="2023-01-31T11:33:48 CST" name="setup" finished-at="2023-01-31T11:33:49 CST" duration-ms="521" status="PASS">
          <reporter-output>
          </reporter-output>
        </test-method> <!-- setup -->
        <test-method signature="shouldGetQuestionsPage()[pri:1, instance:com.developerscorner.client.uiTests.QuestionsPageTest@33065d67]" started-at="2023-01-31T11:33:49 CST" name="shouldGetQuestionsPage" finished-at="2023-01-31T11:33:49 CST" duration-ms="234" status="PASS">
          <reporter-output>
          </reporter-output>
        </test-method> <!-- shouldGetQuestionsPage -->
        <test-method is-config="true" signature="close()[pri:0, instance:com.developerscorner.client.uiTests.QuestionsPageTest@33065d67]" started-at="2023-01-31T11:33:49 CST" name="close" finished-at="2023-01-31T11:33:49 CST" duration-ms="0" status="PASS">
          <reporter-output>
          </reporter-output>
        </test-method> <!-- close -->
        <test-method signature="shouldEditAQuestion()[pri:2, instance:com.developerscorner.client.uiTests.QuestionsPageTest@33065d67]" started-at="2023-01-31T11:33:49 CST" name="shouldEditAQuestion" finished-at="2023-01-31T11:33:50 CST" duration-ms="857" status="PASS">
          <reporter-output>
          </reporter-output>
        </test-method> <!-- shouldEditAQuestion -->
        <test-method is-config="true" signature="close()[pri:0, instance:com.developerscorner.client.uiTests.QuestionsPageTest@33065d67]" started-at="2023-01-31T11:33:50 CST" name="close" finished-at="2023-01-31T11:33:50 CST" duration-ms="0" status="PASS">
          <reporter-output>
          </reporter-output>
        </test-method> <!-- close -->
        <test-method signature="shouldDeleteAQuestion()[pri:3, instance:com.developerscorner.client.uiTests.QuestionsPageTest@33065d67]" started-at="2023-01-31T11:33:50 CST" name="shouldDeleteAQuestion" finished-at="2023-01-31T11:33:53 CST" duration-ms="2419" status="PASS">
          <reporter-output>
          </reporter-output>
        </test-method> <!-- shouldDeleteAQuestion -->
        <test-method is-config="true" signature="close()[pri:0, instance:com.developerscorner.client.uiTests.QuestionsPageTest@33065d67]" started-at="2023-01-31T11:33:53 CST" name="close" finished-at="2023-01-31T11:33:53 CST" duration-ms="1" status="PASS">
          <reporter-output>
          </reporter-output>
        </test-method> <!-- close -->
        <test-method signature="shouldDisplayFieldRequiredIfOneOfTheFieldsIsBlank()[pri:4, instance:com.developerscorner.client.uiTests.QuestionsPageTest@33065d67]" started-at="2023-01-31T11:33:53 CST" name="shouldDisplayFieldRequiredIfOneOfTheFieldsIsBlank" finished-at="2023-01-31T11:33:53 CST" duration-ms="655" status="PASS">
          <reporter-output>
          </reporter-output>
        </test-method> <!-- shouldDisplayFieldRequiredIfOneOfTheFieldsIsBlank -->
        <test-method is-config="true" signature="close()[pri:0, instance:com.developerscorner.client.uiTests.QuestionsPageTest@33065d67]" started-at="2023-01-31T11:33:53 CST" name="close" finished-at="2023-01-31T11:33:53 CST" duration-ms="0" status="PASS">
          <reporter-output>
          </reporter-output>
        </test-method> <!-- close -->
      </class> <!-- com.developerscorner.client.uiTests.QuestionsPageTest -->
      <class name="com.developerscorner.client.uiTests.ProfilePageTest">
        <test-method is-config="true" signature="beforeMethodClass()[pri:0, instance:com.developerscorner.client.uiTests.ProfilePageTest@7bba5817]" started-at="2023-01-31T11:33:55 CST" name="beforeMethodClass" finished-at="2023-01-31T11:33:55 CST" duration-ms="345" status="PASS">
          <reporter-output>
          </reporter-output>
        </test-method> <!-- beforeMethodClass -->
        <test-method is-config="true" signature="setup()[pri:0, instance:com.developerscorner.client.uiTests.ProfilePageTest@7bba5817]" started-at="2023-01-31T11:33:55 CST" name="setup" finished-at="2023-01-31T11:33:56 CST" duration-ms="524" status="PASS">
          <reporter-output>
          </reporter-output>
        </test-method> <!-- setup -->
        <test-method signature="shouldCheckCurrentUserExists()[pri:0, instance:com.developerscorner.client.uiTests.ProfilePageTest@7bba5817]" started-at="2023-01-31T11:33:56 CST" name="shouldCheckCurrentUserExists" finished-at="2023-01-31T11:33:56 CST" duration-ms="123" status="FAIL">
          <exception class="java.lang.AssertionError">
            <message>
              <![CDATA[expected [testuser] but found []]]>
            </message>
            <full-stacktrace>
              <![CDATA[java.lang.AssertionError: expected [testuser] but found []
at org.testng.Assert.fail(Assert.java:110)
at org.testng.Assert.failNotEquals(Assert.java:1413)
at org.testng.Assert.assertEqualsImpl(Assert.java:149)
at org.testng.Assert.assertEquals(Assert.java:131)
at org.testng.Assert.assertEquals(Assert.java:655)
at org.testng.Assert.assertEquals(Assert.java:665)
at com.developerscorner.client.uiTests.ProfilePageTest.shouldCheckCurrentUserExists(ProfilePageTest.java:50)
at java.base/jdk.internal.reflect.NativeMethodAccessorImpl.invoke0(Native Method)
at java.base/jdk.internal.reflect.NativeMethodAccessorImpl.invoke(NativeMethodAccessorImpl.java:77)
at java.base/jdk.internal.reflect.DelegatingMethodAccessorImpl.invoke(DelegatingMethodAccessorImpl.java:43)
at java.base/java.lang.reflect.Method.invoke(Method.java:568)
at org.testng.internal.invokers.MethodInvocationHelper.invokeMethod(MethodInvocationHelper.java:139)
at org.testng.internal.invokers.TestInvoker.invokeMethod(TestInvoker.java:677)
at org.testng.internal.invokers.TestInvoker.invokeTestMethod(TestInvoker.java:221)
at org.testng.internal.invokers.MethodRunner.runInSequence(MethodRunner.java:50)
at org.testng.internal.invokers.TestInvoker$MethodInvocationAgent.invoke(TestInvoker.java:962)
at org.testng.internal.invokers.TestInvoker.invokeTestMethods(TestInvoker.java:194)
at org.testng.internal.invokers.TestMethodWorker.invokeTestMethods(TestMethodWorker.java:148)
at org.testng.internal.invokers.TestMethodWorker.run(TestMethodWorker.java:128)
at java.base/java.util.ArrayList.forEach(ArrayList.java:1511)
at org.testng.TestRunner.privateRun(TestRunner.java:806)
at org.testng.TestRunner.run(TestRunner.java:601)
at org.testng.SuiteRunner.runTest(SuiteRunner.java:433)
at org.testng.SuiteRunner.runSequentially(SuiteRunner.java:427)
at org.testng.SuiteRunner.privateRun(SuiteRunner.java:387)
at org.testng.SuiteRunner.run(SuiteRunner.java:330)
at org.testng.SuiteRunnerWorker.runSuite(SuiteRunnerWorker.java:52)
at org.testng.SuiteRunnerWorker.run(SuiteRunnerWorker.java:95)
at org.testng.TestNG.runSuitesSequentially(TestNG.java:1256)
at org.testng.TestNG.runSuitesLocally(TestNG.java:1176)
at org.testng.TestNG.runSuites(TestNG.java:1099)
at org.testng.TestNG.run(TestNG.java:1067)
at org.testng.remote.AbstractRemoteTestNG.run(AbstractRemoteTestNG.java:115)
at org.testng.remote.RemoteTestNG.initAndRun(RemoteTestNG.java:251)
at org.testng.remote.RemoteTestNG.main(RemoteTestNG.java:77)
]]>
            </full-stacktrace>
          </exception> <!-- java.lang.AssertionError -->
          <reporter-output>
          </reporter-output>
        </test-method> <!-- shouldCheckCurrentUserExists -->
        <test-method is-config="true" signature="close()[pri:0, instance:com.developerscorner.client.uiTests.ProfilePageTest@7bba5817]" started-at="2023-01-31T11:33:56 CST" name="close" finished-at="2023-01-31T11:33:56 CST" duration-ms="1" status="PASS">
          <reporter-output>
          </reporter-output>
        </test-method> <!-- close -->
        <test-method signature="shouldDisplayFieldRequiredIfOnceOfTheFieldsIsBlank()[pri:0, instance:com.developerscorner.client.uiTests.ProfilePageTest@7bba5817]" started-at="2023-01-31T11:33:56 CST" name="shouldDisplayFieldRequiredIfOnceOfTheFieldsIsBlank" finished-at="2023-01-31T11:33:56 CST" duration-ms="742" status="PASS">
          <reporter-output>
          </reporter-output>
        </test-method> <!-- shouldDisplayFieldRequiredIfOnceOfTheFieldsIsBlank -->
        <test-method is-config="true" signature="close()[pri:0, instance:com.developerscorner.client.uiTests.ProfilePageTest@7bba5817]" started-at="2023-01-31T11:33:56 CST" name="close" finished-at="2023-01-31T11:33:56 CST" duration-ms="0" status="PASS">
          <reporter-output>
          </reporter-output>
        </test-method> <!-- close -->
        <test-method signature="shouldEditProfile()[pri:0, instance:com.developerscorner.client.uiTests.ProfilePageTest@7bba5817]" started-at="2023-01-31T11:33:56 CST" name="shouldEditProfile" finished-at="2023-01-31T11:33:57 CST" duration-ms="1080" status="PASS">
          <reporter-output>
          </reporter-output>
        </test-method> <!-- shouldEditProfile -->
        <test-method is-config="true" signature="close()[pri:0, instance:com.developerscorner.client.uiTests.ProfilePageTest@7bba5817]" started-at="2023-01-31T11:33:57 CST" name="close" finished-at="2023-01-31T11:33:57 CST" duration-ms="0" status="PASS">
          <reporter-output>
          </reporter-output>
        </test-method> <!-- close -->
        <test-method signature="shouldGetProfilePage()[pri:0, instance:com.developerscorner.client.uiTests.ProfilePageTest@7bba5817]" started-at="2023-01-31T11:33:57 CST" name="shouldGetProfilePage" finished-at="2023-01-31T11:33:58 CST" duration-ms="193" status="PASS">
          <reporter-output>
          </reporter-output>
        </test-method> <!-- shouldGetProfilePage -->
        <test-method is-config="true" signature="close()[pri:0, instance:com.developerscorner.client.uiTests.ProfilePageTest@7bba5817]" started-at="2023-01-31T11:33:58 CST" name="close" finished-at="2023-01-31T11:33:58 CST" duration-ms="0" status="PASS">
          <reporter-output>
          </reporter-output>
        </test-method> <!-- close -->
      </class> <!-- com.developerscorner.client.uiTests.ProfilePageTest -->
      <class name="com.developerscorner.client.uiTests.RegisterPageTest">
        <test-method is-config="true" signature="beforeMethodClass()[pri:0, instance:com.developerscorner.client.uiTests.RegisterPageTest@350aac89]" started-at="2023-01-31T11:33:58 CST" name="beforeMethodClass" finished-at="2023-01-31T11:33:58 CST" duration-ms="318" status="PASS">
          <reporter-output>
          </reporter-output>
        </test-method> <!-- beforeMethodClass -->
        <test-method is-config="true" signature="setup()[pri:0, instance:com.developerscorner.client.uiTests.RegisterPageTest@350aac89]" started-at="2023-01-31T11:33:58 CST" name="setup" finished-at="2023-01-31T11:33:59 CST" duration-ms="522" status="PASS">
          <reporter-output>
          </reporter-output>
        </test-method> <!-- setup -->
        <test-method signature="shouldRegisterAUser()[pri:1, instance:com.developerscorner.client.uiTests.RegisterPageTest@350aac89]" started-at="2023-01-31T11:33:59 CST" name="shouldRegisterAUser" finished-at="2023-01-31T11:34:01 CST" duration-ms="2969" status="PASS">
          <reporter-output>
          </reporter-output>
        </test-method> <!-- shouldRegisterAUser -->
        <test-method is-config="true" signature="close()[pri:0, instance:com.developerscorner.client.uiTests.RegisterPageTest@350aac89]" started-at="2023-01-31T11:34:01 CST" name="close" finished-at="2023-01-31T11:34:01 CST" duration-ms="0" status="PASS">
          <reporter-output>
          </reporter-output>
        </test-method> <!-- close -->
        <test-method signature="shouldDisplayFieldIsRequiredIfOneOfTheFieldIsBlank()[pri:2, instance:com.developerscorner.client.uiTests.RegisterPageTest@350aac89]" started-at="2023-01-31T11:34:01 CST" name="shouldDisplayFieldIsRequiredIfOneOfTheFieldIsBlank" finished-at="2023-01-31T11:34:05 CST" duration-ms="3165" status="PASS">
          <reporter-output>
          </reporter-output>
        </test-method> <!-- shouldDisplayFieldIsRequiredIfOneOfTheFieldIsBlank -->
        <test-method is-config="true" signature="close()[pri:0, instance:com.developerscorner.client.uiTests.RegisterPageTest@350aac89]" started-at="2023-01-31T11:34:05 CST" name="close" finished-at="2023-01-31T11:34:05 CST" duration-ms="1" status="PASS">
          <reporter-output>
          </reporter-output>
        </test-method> <!-- close -->
      </class> <!-- com.developerscorner.client.uiTests.RegisterPageTest -->
    </test> <!-- Default test -->
  </suite> <!-- Default suite -->
</testng-results>
